#
# A fatal error has been detected by the Java Runtime Environment:
#
#  Internal Error (classFileParser.cpp:3494), pid=13679, tid=139827630618368
#  Error: ShouldNotReachHere()
#
# JRE version: 6.0_27-b27
# Java VM: OpenJDK 64-Bit Server VM (20.0-b12 mixed mode linux-amd64 compressed oops)
# Derivative: IcedTea6 1.12.3
# Distribution: Ubuntu 12.10, package 6b27-1.12.3-0ubuntu1~12.10
# If you would like to submit a bug report, please include
# instructions how to reproduce the bug and visit:
#   https://bugs.launchpad.net/ubuntu/+source/openjdk-6/
#

---------------  T H R E A D  ---------------

Current thread (0x00007f2c20007800):  JavaThread "Unknown thread" [_thread_in_vm, id=13680, stack(0x00007f2c2830b000,0x00007f2c2840c000)]

Stack: [0x00007f2c2830b000,0x00007f2c2840c000],  sp=0x00007f2c2840a0d0,  free space=1020k
Native frames: (J=compiled Java code, j=interpreted, Vv=VM code, C=native code)
V  [libjvm.so+0x797ba5]  VMError::report(outputStream*)+0x1245
V  [libjvm.so+0x797e29]  VMError::report_and_die()+0x169
V  [libjvm.so+0x3c100a]  report_vm_error(char const*, int, char const*, char const*)+0x4a
V  [libjvm.so+0x355a70]  ClassFileParser::parseClassFile(symbolHandle, Handle, Handle, KlassHandle, GrowableArray<Handle>*, symbolHandle&, bool, Thread*)+0x1210
V  [libjvm.so+0x35b0a5]  ClassLoader::load_classfile(symbolHandle, Thread*)+0x1f5
V  [libjvm.so+0x731f7b]  SystemDictionary::load_instance_class(symbolHandle, Handle, Thread*)+0x38b
V  [libjvm.so+0x730829]  SystemDictionary::resolve_instance_class_or_null(symbolHandle, Handle, Handle, Thread*)+0x9e9
V  [libjvm.so+0x732603]  SystemDictionary::resolve_or_fail(symbolHandle, Handle, Handle, bool, Thread*)+0x33
V  [libjvm.so+0x7326d4]  SystemDictionary::resolve_or_fail(symbolHandle, bool, Thread*)+0x14
V  [libjvm.so+0x73278d]  SystemDictionary::initialize_wk_klass(SystemDictionary::WKID, int, Thread*)+0xad
V  [libjvm.so+0x7327fe]  SystemDictionary::initialize_wk_klasses_until(SystemDictionary::WKID, SystemDictionary::WKID&, Thread*)+0x5e
V  [libjvm.so+0x7328ef]  SystemDictionary::initialize_preloaded_classes(Thread*)+0x6f
V  [libjvm.so+0x77346f]  Universe::genesis(Thread*)+0x11f
V  [libjvm.so+0x773e7f]  universe2_init()+0x1f
V  [libjvm.so+0x4810d5]  init_globals()+0x95
V  [libjvm.so+0x75d8aa]  Threads::create_vm(JavaVMInitArgs*, bool*)+0x1ea
V  [libjvm.so+0x4d9ddd]  JNI_CreateJavaVM+0x5d
C  [java+0x323d]  JavaMain+0x7d


---------------  P R O C E S S  ---------------

Java Threads: ( => current thread )

Other Threads:

=>0x00007f2c20007800 (exited) JavaThread "Unknown thread" [_thread_in_vm, id=13680, stack(0x00007f2c2830b000,0x00007f2c2840c000)]

VM state:not at safepoint (not fully initialized)

VM Mutex/Monitor currently owned by a thread: None

Dynamic libraries:
00400000-00409000 r-xp 00000000 08:06 9708661                            /usr/lib/jvm/java-6-openjdk-amd64/jre/bin/java
00608000-00609000 r--p 00008000 08:06 9708661                            /usr/lib/jvm/java-6-openjdk-amd64/jre/bin/java
00609000-0060a000 rw-p 00009000 08:06 9708661                            /usr/lib/jvm/java-6-openjdk-amd64/jre/bin/java
009e4000-00a05000 rw-p 00000000 00:00 0                                  [heap]
99a00000-9aec0000 rw-p 00000000 00:00 0 
9aec0000-a4000000 rw-p 00000000 00:00 0 
a4000000-a7d50000 rw-p 00000000 00:00 0 
a7d50000-e1560000 rw-p 00000000 00:00 0 
e1560000-e3400000 rw-p 00000000 00:00 0 
e3400000-100000000 rw-p 00000000 00:00 0 
7f2bf8000000-7f2bf8021000 rw-p 00000000 00:00 0 
7f2bf8021000-7f2bfc000000 ---p 00000000 00:00 0 
7f2bfc000000-7f2bfc021000 rw-p 00000000 00:00 0 
7f2bfc021000-7f2c00000000 ---p 00000000 00:00 0 
7f2c00000000-7f2c00021000 rw-p 00000000 00:00 0 
7f2c00021000-7f2c04000000 ---p 00000000 00:00 0 
7f2c08000000-7f2c08021000 rw-p 00000000 00:00 0 
7f2c08021000-7f2c0c000000 ---p 00000000 00:00 0 
7f2c0c000000-7f2c0c021000 rw-p 00000000 00:00 0 
7f2c0c021000-7f2c10000000 ---p 00000000 00:00 0 
7f2c10000000-7f2c10021000 rw-p 00000000 00:00 0 
7f2c10021000-7f2c14000000 ---p 00000000 00:00 0 
7f2c14000000-7f2c14021000 rw-p 00000000 00:00 0 
7f2c14021000-7f2c18000000 ---p 00000000 00:00 0 
7f2c18000000-7f2c18021000 rw-p 00000000 00:00 0 
7f2c18021000-7f2c1c000000 ---p 00000000 00:00 0 
7f2c1d000000-7f2c1d270000 rwxp 00000000 00:00 0 
7f2c1d270000-7f2c20087000 rw-p 00000000 00:00 0 
7f2c20087000-7f2c24000000 ---p 00000000 00:00 0 
7f2c24326000-7f2c243eb000 r--s 0115c000 08:06 6430107                    /home/galen/mobileDev/adt-bundle-linux-x86_64/sdk/platforms/android-17/android.jar
7f2c243eb000-7f2c24413000 rw-p 00000000 00:00 0 
7f2c24413000-7f2c24414000 ---p 00000000 00:00 0 
7f2c24414000-7f2c24514000 rw-p 00000000 00:00 0                          [stack:13688]
7f2c24514000-7f2c24515000 ---p 00000000 00:00 0 
7f2c24515000-7f2c24615000 rw-p 00000000 00:00 0                          [stack:13687]
7f2c24615000-7f2c24616000 ---p 00000000 00:00 0 
7f2c24616000-7f2c24716000 rw-p 00000000 00:00 0                          [stack:13686]
7f2c24716000-7f2c24717000 ---p 00000000 00:00 0 
7f2c24717000-7f2c24817000 rw-p 00000000 00:00 0                          [stack:13685]
7f2c24817000-7f2c24818000 ---p 00000000 00:00 0 
7f2c24818000-7f2c24918000 rw-p 00000000 00:00 0                          [stack:13684]
7f2c24918000-7f2c24919000 ---p 00000000 00:00 0 
7f2c24919000-7f2c24a19000 rw-p 00000000 00:00 0                          [stack:13683]
7f2c24a19000-7f2c24a1a000 ---p 00000000 00:00 0 
7f2c24a1a000-7f2c24b1a000 rw-p 00000000 00:00 0                          [stack:13682]
7f2c24b1a000-7f2c24b1b000 ---p 00000000 00:00 0 
7f2c24b1b000-7f2c24c26000 rw-p 00000000 00:00 0                          [stack:13681]
7f2c24c26000-7f2c24c6e000 rw-p 00000000 00:00 0 
7f2c24c6e000-7f2c24c8d000 rw-p 00000000 00:00 0 
7f2c24c8d000-7f2c24e59000 rw-p 00000000 00:00 0 
7f2c24e59000-7f2c24e64000 rw-p 00000000 00:00 0 
7f2c24e64000-7f2c24eac000 rw-p 00000000 00:00 0 
7f2c24eac000-7f2c24ecb000 rw-p 00000000 00:00 0 
7f2c24ecb000-7f2c25096000 rw-p 00000000 00:00 0 
7f2c25096000-7f2c250a6000 rw-p 00000000 00:00 0 
7f2c250a6000-7f2c2518c000 rw-p 00000000 00:00 0 
7f2c2518c000-7f2c2518d000 rw-p 00000000 00:00 0 
7f2c2518d000-7f2c25194000 r-xp 00000000 08:06 9708660                    /usr/lib/jvm/java-6-openjdk-amd64/jre/lib/amd64/libzip.so
7f2c25194000-7f2c25393000 ---p 00007000 08:06 9708660                    /usr/lib/jvm/java-6-openjdk-amd64/jre/lib/amd64/libzip.so
7f2c25393000-7f2c25394000 r--p 00006000 08:06 9708660                    /usr/lib/jvm/java-6-openjdk-amd64/jre/lib/amd64/libzip.so
7f2c25394000-7f2c25395000 rw-p 00007000 08:06 9708660                    /usr/lib/jvm/java-6-openjdk-amd64/jre/lib/amd64/libzip.so
7f2c25395000-7f2c253a1000 r-xp 00000000 08:06 12455436                   /lib/x86_64-linux-gnu/libnss_files-2.15.so
7f2c253a1000-7f2c255a0000 ---p 0000c000 08:06 12455436                   /lib/x86_64-linux-gnu/libnss_files-2.15.so
7f2c255a0000-7f2c255a1000 r--p 0000b000 08:06 12455436                   /lib/x86_64-linux-gnu/libnss_files-2.15.so
7f2c255a1000-7f2c255a2000 rw-p 0000c000 08:06 12455436                   /lib/x86_64-linux-gnu/libnss_files-2.15.so
7f2c255a2000-7f2c255ac000 r-xp 00000000 08:06 12455440                   /lib/x86_64-linux-gnu/libnss_nis-2.15.so
7f2c255ac000-7f2c257ac000 ---p 0000a000 08:06 12455440                   /lib/x86_64-linux-gnu/libnss_nis-2.15.so
7f2c257ac000-7f2c257ad000 r--p 0000a000 08:06 12455440                   /lib/x86_64-linux-gnu/libnss_nis-2.15.so
7f2c257ad000-7f2c257ae000 rw-p 0000b000 08:06 12455440                   /lib/x86_64-linux-gnu/libnss_nis-2.15.so
7f2c257ae000-7f2c257c5000 r-xp 00000000 08:06 12455430                   /lib/x86_64-linux-gnu/libnsl-2.15.so
7f2c257c5000-7f2c259c4000 ---p 00017000 08:06 12455430                   /lib/x86_64-linux-gnu/libnsl-2.15.so
7f2c259c4000-7f2c259c5000 r--p 00016000 08:06 12455430                   /lib/x86_64-linux-gnu/libnsl-2.15.so
7f2c259c5000-7f2c259c6000 rw-p 00017000 08:06 12455430                   /lib/x86_64-linux-gnu/libnsl-2.15.so
7f2c259c6000-7f2c259c8000 rw-p 00000000 00:00 0 
7f2c259c8000-7f2c259d0000 r-xp 00000000 08:06 12455432                   /lib/x86_64-linux-gnu/libnss_compat-2.15.so
7f2c259d0000-7f2c25bcf000 ---p 00008000 08:06 12455432                   /lib/x86_64-linux-gnu/libnss_compat-2.15.so
7f2c25bcf000-7f2c25bd0000 r--p 00007000 08:06 12455432                   /lib/x86_64-linux-gnu/libnss_compat-2.15.so
7f2c25bd0000-7f2c25bd1000 rw-p 00008000 08:06 12455432                   /lib/x86_64-linux-gnu/libnss_compat-2.15.so
7f2c25bd1000-7f2c25bfe000 r-xp 00000000 08:06 9708646                    /usr/lib/jvm/java-6-openjdk-amd64/jre/lib/amd64/libjava.so
7f2c25bfe000-7f2c25dfe000 ---p 0002d000 08:06 9708646                    /usr/lib/jvm/java-6-openjdk-amd64/jre/lib/amd64/libjava.so
7f2c25dfe000-7f2c25dff000 r--p 0002d000 08:06 9708646                    /usr/lib/jvm/java-6-openjdk-amd64/jre/lib/amd64/libjava.so
7f2c25dff000-7f2c25e02000 rw-p 0002e000 08:06 9708646                    /usr/lib/jvm/java-6-openjdk-amd64/jre/lib/amd64/libjava.so
7f2c25e02000-7f2c25e11000 r-xp 00000000 08:06 9708645                    /usr/lib/jvm/java-6-openjdk-amd64/jre/lib/amd64/libverify.so
7f2c25e11000-7f2c26010000 ---p 0000f000 08:06 9708645                    /usr/lib/jvm/java-6-openjdk-amd64/jre/lib/amd64/libverify.so
7f2c26010000-7f2c26012000 r--p 0000e000 08:06 9708645                    /usr/lib/jvm/java-6-openjdk-amd64/jre/lib/amd64/libverify.so
7f2c26012000-7f2c26013000 rw-p 00010000 08:06 9708645                    /usr/lib/jvm/java-6-openjdk-amd64/jre/lib/amd64/libverify.so
7f2c26013000-7f2c2601a000 r-xp 00000000 08:06 12455475                   /lib/x86_64-linux-gnu/librt-2.15.so
7f2c2601a000-7f2c26219000 ---p 00007000 08:06 12455475                   /lib/x86_64-linux-gnu/librt-2.15.so
7f2c26219000-7f2c2621a000 r--p 00006000 08:06 12455475                   /lib/x86_64-linux-gnu/librt-2.15.so
7f2c2621a000-7f2c2621b000 rw-p 00007000 08:06 12455475                   /lib/x86_64-linux-gnu/librt-2.15.so
7f2c2621b000-7f2c26230000 r-xp 00000000 08:06 12455396                   /lib/x86_64-linux-gnu/libgcc_s.so.1
7f2c26230000-7f2c2642f000 ---p 00015000 08:06 12455396                   /lib/x86_64-linux-gnu/libgcc_s.so.1
7f2c2642f000-7f2c26430000 r--p 00014000 08:06 12455396                   /lib/x86_64-linux-gnu/libgcc_s.so.1
7f2c26430000-7f2c26431000 rw-p 00015000 08:06 12455396                   /lib/x86_64-linux-gnu/libgcc_s.so.1
7f2c26431000-7f2c2652c000 r-xp 00000000 08:06 12455413                   /lib/x86_64-linux-gnu/libm-2.15.so
7f2c2652c000-7f2c2672b000 ---p 000fb000 08:06 12455413                   /lib/x86_64-linux-gnu/libm-2.15.so
7f2c2672b000-7f2c2672c000 r--p 000fa000 08:06 12455413                   /lib/x86_64-linux-gnu/libm-2.15.so
7f2c2672c000-7f2c2672d000 rw-p 000fb000 08:06 12455413                   /lib/x86_64-linux-gnu/libm-2.15.so
7f2c2672d000-7f2c26812000 r-xp 00000000 08:06 9445161                    /usr/lib/x86_64-linux-gnu/libstdc++.so.6.0.17
7f2c26812000-7f2c26a11000 ---p 000e5000 08:06 9445161                    /usr/lib/x86_64-linux-gnu/libstdc++.so.6.0.17
7f2c26a11000-7f2c26a19000 r--p 000e4000 08:06 9445161                    /usr/lib/x86_64-linux-gnu/libstdc++.so.6.0.17
7f2c26a19000-7f2c26a1b000 rw-p 000ec000 08:06 9445161                    /usr/lib/x86_64-linux-gnu/libstdc++.so.6.0.17
7f2c26a1b000-7f2c26a30000 rw-p 00000000 00:00 0 
7f2c26a30000-7f2c2734e000 r-xp 00000000 08:06 9708650                    /usr/lib/jvm/java-6-openjdk-amd64/jre/lib/amd64/server/libjvm.so
7f2c2734e000-7f2c2754e000 ---p 0091e000 08:06 9708650                    /usr/lib/jvm/java-6-openjdk-amd64/jre/lib/amd64/server/libjvm.so
7f2c2754e000-7f2c275ce000 r--p 0091e000 08:06 9708650                    /usr/lib/jvm/java-6-openjdk-amd64/jre/lib/amd64/server/libjvm.so
7f2c275ce000-7f2c275e9000 rw-p 0099e000 08:06 9708650                    /usr/lib/jvm/java-6-openjdk-amd64/jre/lib/amd64/server/libjvm.so
7f2c275e9000-7f2c27612000 rw-p 00000000 00:00 0 
7f2c27612000-7f2c27628000 r-xp 00000000 08:06 12455505                   /lib/x86_64-linux-gnu/libz.so.1.2.7
7f2c27628000-7f2c27827000 ---p 00016000 08:06 12455505                   /lib/x86_64-linux-gnu/libz.so.1.2.7
7f2c27827000-7f2c27828000 r--p 00015000 08:06 12455505                   /lib/x86_64-linux-gnu/libz.so.1.2.7
7f2c27828000-7f2c27829000 rw-p 00016000 08:06 12455505                   /lib/x86_64-linux-gnu/libz.so.1.2.7
7f2c27829000-7f2c279de000 r-xp 00000000 08:06 12455371                   /lib/x86_64-linux-gnu/libc-2.15.so
7f2c279de000-7f2c27bdd000 ---p 001b5000 08:06 12455371                   /lib/x86_64-linux-gnu/libc-2.15.so
7f2c27bdd000-7f2c27be1000 r--p 001b4000 08:06 12455371                   /lib/x86_64-linux-gnu/libc-2.15.so
7f2c27be1000-7f2c27be3000 rw-p 001b8000 08:06 12455371                   /lib/x86_64-linux-gnu/libc-2.15.so
7f2c27be3000-7f2c27be8000 rw-p 00000000 00:00 0 
7f2c27be8000-7f2c27bea000 r-xp 00000000 08:06 12455386                   /lib/x86_64-linux-gnu/libdl-2.15.so
7f2c27bea000-7f2c27dea000 ---p 00002000 08:06 12455386                   /lib/x86_64-linux-gnu/libdl-2.15.so
7f2c27dea000-7f2c27deb000 r--p 00002000 08:06 12455386                   /lib/x86_64-linux-gnu/libdl-2.15.so
7f2c27deb000-7f2c27dec000 rw-p 00003000 08:06 12455386                   /lib/x86_64-linux-gnu/libdl-2.15.so
7f2c27dec000-7f2c27df0000 r-xp 00000000 08:06 9708628                    /usr/lib/jvm/java-6-openjdk-amd64/jre/lib/amd64/jli/libjli.so
7f2c27df0000-7f2c27fef000 ---p 00004000 08:06 9708628                    /usr/lib/jvm/java-6-openjdk-amd64/jre/lib/amd64/jli/libjli.so
7f2c27fef000-7f2c27ff0000 r--p 00003000 08:06 9708628                    /usr/lib/jvm/java-6-openjdk-amd64/jre/lib/amd64/jli/libjli.so
7f2c27ff0000-7f2c27ff1000 rw-p 00004000 08:06 9708628                    /usr/lib/jvm/java-6-openjdk-amd64/jre/lib/amd64/jli/libjli.so
7f2c27ff1000-7f2c28009000 r-xp 00000000 08:06 12455467                   /lib/x86_64-linux-gnu/libpthread-2.15.so
7f2c28009000-7f2c28208000 ---p 00018000 08:06 12455467                   /lib/x86_64-linux-gnu/libpthread-2.15.so
7f2c28208000-7f2c28209000 r--p 00017000 08:06 12455467                   /lib/x86_64-linux-gnu/libpthread-2.15.so
7f2c28209000-7f2c2820a000 rw-p 00018000 08:06 12455467                   /lib/x86_64-linux-gnu/libpthread-2.15.so
7f2c2820a000-7f2c2820e000 rw-p 00000000 00:00 0 
7f2c2820e000-7f2c28230000 r-xp 00000000 08:06 12455349                   /lib/x86_64-linux-gnu/ld-2.15.so
7f2c2824b000-7f2c28255000 rw-p 00000000 00:00 0 
7f2c28255000-7f2c2830b000 rw-p 00000000 00:00 0 
7f2c2830b000-7f2c2830e000 ---p 00000000 00:00 0 
7f2c2830e000-7f2c28411000 rw-p 00000000 00:00 0                          [stack:13680]
7f2c28424000-7f2c2842c000 rw-s 00000000 08:06 2228557                    /tmp/hsperfdata_galen/13679
7f2c2842c000-7f2c2842d000 rw-p 00000000 00:00 0 
7f2c2842d000-7f2c2842e000 r--p 00000000 00:00 0 
7f2c2842e000-7f2c28430000 rw-p 00000000 00:00 0 
7f2c28430000-7f2c28431000 r--p 00022000 08:06 12455349                   /lib/x86_64-linux-gnu/ld-2.15.so
7f2c28431000-7f2c28433000 rw-p 00023000 08:06 12455349                   /lib/x86_64-linux-gnu/ld-2.15.so
7fff7a90f000-7fff7a930000 rw-p 00000000 00:00 0                          [stack]
7fff7a9ff000-7fff7aa00000 r-xp 00000000 00:00 0                          [vdso]
ffffffffff600000-ffffffffff601000 r-xp 00000000 00:00 0                  [vsyscall]

VM Arguments:
jvm_args: -Dfile.encoding=UTF-8 -Xbootclasspath:/home/galen/mobileDev/adt-bundle-linux-x86_64/sdk/platforms/android-17/android.jar 
java_command: edu.gatech.cs2340.thc.model.Admin
Launcher Type: SUN_STANDARD

Environment Variables:
PATH=/usr/lib/lightdm/lightdm:/usr/local/sbin:/usr/local/bin:/usr/sbin:/usr/bin:/sbin:/bin:/usr/games:/usr/local/games
LD_LIBRARY_PATH=/usr/lib/jvm/java-6-openjdk-amd64/jre/lib/amd64/server:/usr/lib/jvm/java-6-openjdk-amd64/jre/lib/amd64:/usr/lib/jvm/java-6-openjdk-amd64/jre/../lib/amd64
SHELL=/bin/bash
DISPLAY=:0

Signal Handlers:
SIGSEGV: [libjvm.so+0x798890], sa_mask[0]=0x7ffbfeff, sa_flags=0x10000004
SIGBUS: [libjvm.so+0x798890], sa_mask[0]=0x7ffbfeff, sa_flags=0x10000004
SIGFPE: [libjvm.so+0x65f730], sa_mask[0]=0x7ffbfeff, sa_flags=0x10000004
SIGPIPE: [libjvm.so+0x65f730], sa_mask[0]=0x7ffbfeff, sa_flags=0x10000004
SIGXFSZ: [libjvm.so+0x65f730], sa_mask[0]=0x7ffbfeff, sa_flags=0x10000004
SIGILL: [libjvm.so+0x65f730], sa_mask[0]=0x7ffbfeff, sa_flags=0x10000004
SIGUSR1: SIG_DFL, sa_mask[0]=0x00000000, sa_flags=0x00000000
SIGUSR2: [libjvm.so+0x65f8f0], sa_mask[0]=0x00000004, sa_flags=0x10000004
SIGHUP: SIG_DFL, sa_mask[0]=0x00000000, sa_flags=0x00000000
SIGINT: SIG_DFL, sa_mask[0]=0x00000000, sa_flags=0x00000000
SIGTERM: SIG_DFL, sa_mask[0]=0x00000000, sa_flags=0x00000000
SIGQUIT: SIG_DFL, sa_mask[0]=0x00000000, sa_flags=0x00000000


---------------  S Y S T E M  ---------------

OS:Ubuntu 12.10 (quantal)
uname:Linux 3.5.0-25-generic #39-Ubuntu SMP Mon Feb 25 18:26:58 UTC 2013 x86_64
libc:glibc 2.15 NPTL 2.15 
rlimit: STACK 8192k, CORE 0k, NPROC 46903, NOFILE 4096, AS infinity
load average:0.18 0.18 0.15

/proc/meminfo:
MemTotal:        6021996 kB
MemFree:         2834140 kB
Buffers:          136156 kB
Cached:          1087648 kB
SwapCached:            0 kB
Active:          1964392 kB
Inactive:         971800 kB
Active(anon):    1725468 kB
Inactive(anon):   217452 kB
Active(file):     238924 kB
Inactive(file):   754348 kB
Unevictable:       31400 kB
Mlocked:           31400 kB
SwapTotal:      10024956 kB
SwapFree:       10024956 kB
Dirty:               148 kB
Writeback:             0 kB
AnonPages:       1745036 kB
Mapped:           241128 kB
Shmem:            223848 kB
Slab:              91088 kB
SReclaimable:      55916 kB
SUnreclaim:        35172 kB
KernelStack:        4688 kB
PageTables:        34204 kB
NFS_Unstable:          0 kB
Bounce:                0 kB
WritebackTmp:          0 kB
CommitLimit:    13035952 kB
Committed_AS:    4348360 kB
VmallocTotal:   34359738367 kB
VmallocUsed:      413100 kB
VmallocChunk:   34359319004 kB
HardwareCorrupted:     0 kB
AnonHugePages:         0 kB
HugePages_Total:       0
HugePages_Free:        0
HugePages_Rsvd:        0
HugePages_Surp:        0
Hugepagesize:       2048 kB
DirectMap4k:       65524 kB
DirectMap2M:     6141952 kB


CPU:total 8 (4 cores per cpu, 2 threads per core) family 6 model 42 stepping 7, cmov, cx8, fxsr, mmx, sse, sse2, sse3, ssse3, sse4.1, sse4.2, popcnt, ht

Memory: 4k page, physical 6021996k(2834140k free), swap 10024956k(10024956k free)

vm_info: OpenJDK 64-Bit Server VM (20.0-b12) for linux-amd64 JRE (1.6.0_27-b27), built on Feb 20 2013 02:27:11 by "buildd" with gcc 4.7.2

time: Wed Mar  6 16:01:05 2013
elapsed time: 0 seconds

